Release 14.7 - xst P.20131013 (nt64)
Copyright (c) 1995-2013 Xilinx, Inc.  All rights reserved.
--> Parameter TMPDIR set to xst/projnav.tmp


Total REAL time to Xst completion: 0.00 secs
Total CPU time to Xst completion: 0.11 secs
 
--> Parameter xsthdpdir set to xst


Total REAL time to Xst completion: 0.00 secs
Total CPU time to Xst completion: 0.11 secs
 
--> Reading design: acc_b.prj

TABLE OF CONTENTS
  1) Synthesis Options Summary
  2) HDL Parsing
  3) HDL Elaboration
  4) HDL Synthesis
       4.1) HDL Synthesis Report
  5) Advanced HDL Synthesis
       5.1) Advanced HDL Synthesis Report
  6) Low Level Synthesis
  7) Partition Report
  8) Design Summary
       8.1) Primitive and Black Box Usage
       8.2) Device utilization summary
       8.3) Partition Resource Summary
       8.4) Timing Report
            8.4.1) Clock Information
            8.4.2) Asynchronous Control Signals Information
            8.4.3) Timing Summary
            8.4.4) Timing Details
            8.4.5) Cross Clock Domains Report


=========================================================================
*                      Synthesis Options Summary                        *
=========================================================================
---- Source Parameters
Input File Name                    : "acc_b.prj"
Ignore Synthesis Constraint File   : NO

---- Target Parameters
Output File Name                   : "acc_b"
Output Format                      : NGC
Target Device                      : xc7a100t-3-csg324

---- Source Options
Top Module Name                    : acc_b
Automatic FSM Extraction           : YES
FSM Encoding Algorithm             : Auto
Safe Implementation                : No
FSM Style                          : LUT
RAM Extraction                     : Yes
RAM Style                          : Auto
ROM Extraction                     : Yes
Shift Register Extraction          : YES
ROM Style                          : Auto
Resource Sharing                   : YES
Asynchronous To Synchronous        : NO
Shift Register Minimum Size        : 2
Use DSP Block                      : Auto
Automatic Register Balancing       : No

---- Target Options
LUT Combining                      : Auto
Reduce Control Sets                : Auto
Add IO Buffers                     : YES
Global Maximum Fanout              : 100000
Add Generic Clock Buffer(BUFG)     : 32
Register Duplication               : YES
Optimize Instantiated Primitives   : NO
Use Clock Enable                   : Auto
Use Synchronous Set                : Auto
Use Synchronous Reset              : Auto
Pack IO Registers into IOBs        : Auto
Equivalent register Removal        : YES

---- General Options
Optimization Goal                  : Speed
Optimization Effort                : 1
Power Reduction                    : NO
Keep Hierarchy                     : No
Netlist Hierarchy                  : As_Optimized
RTL Output                         : Yes
Global Optimization                : AllClockNets
Read Cores                         : YES
Write Timing Constraints           : NO
Cross Clock Analysis               : NO
Hierarchy Separator                : /
Bus Delimiter                      : <>
Case Specifier                     : Maintain
Slice Utilization Ratio            : 100
BRAM Utilization Ratio             : 100
DSP48 Utilization Ratio            : 100
Auto BRAM Packing                  : NO
Slice Utilization Ratio Delta      : 5

=========================================================================


=========================================================================
*                          HDL Parsing                                  *
=========================================================================
Parsing VHDL file "\\mac\home\Documents\EE-UY 4323\EE-UY-4323\acc_b\acc_b.vhd" into library work
Parsing entity <acc_b>.
Parsing architecture <Behavioral> of entity <acc_b>.

=========================================================================
*                            HDL Elaboration                            *
=========================================================================

Elaborating entity <acc_b> (architecture <Behavioral>) from library <work>.

=========================================================================
*                           HDL Synthesis                               *
=========================================================================

Synthesizing Unit <acc_b>.
    Related source file is "\\mac\home\Documents\EE-UY 4323\EE-UY-4323\acc_b\acc_b.vhd".
    Found 32-bit register for signal <b_out>.
    Found 32-bit adder for signal <cnt[31]_b_in[31]_add_0_OUT> created at line 52.
    Summary:
	inferred   1 Adder/Subtractor(s).
	inferred  32 D-type flip-flop(s).
Unit <acc_b> synthesized.

=========================================================================
HDL Synthesis Report

Macro Statistics
# Adders/Subtractors                                   : 1
 32-bit adder                                          : 1
# Registers                                            : 1
 32-bit register                                       : 1

=========================================================================

=========================================================================
*                       Advanced HDL Synthesis                          *
=========================================================================


Synthesizing (advanced) Unit <acc_b>.
The following registers are absorbed into accumulator <cnt>: 1 register on signal <cnt>.
Unit <acc_b> synthesized (advanced).

=========================================================================
Advanced HDL Synthesis Report

Macro Statistics
# Accumulators                                         : 1
 32-bit up accumulator                                 : 1

=========================================================================

=========================================================================
*                         Low Level Synthesis                           *
=========================================================================

Optimizing unit <acc_b> ...

Mapping all equations...
Building and optimizing final netlist ...
Found area constraint ratio of 100 (+ 5) on block acc_b, actual ratio is 0.

Final Macro Processing ...

=========================================================================
Final Register Report

Macro Statistics
# Registers                                            : 32
 Flip-Flops                                            : 32

=========================================================================

=========================================================================
*                           Partition Report                            *
=========================================================================

Partition Implementation Status
-------------------------------

  No Partitions were found in this design.

-------------------------------

=========================================================================
*                            Design Summary                             *
=========================================================================

Top Level Output File Name         : acc_b.ngc

Primitive and Black Box Usage:
------------------------------
# BELS                             : 96
#      GND                         : 1
#      LUT2                        : 32
#      MUXCY                       : 31
#      XORCY                       : 32
# FlipFlops/Latches                : 32
#      FDRE                        : 32
# Clock Buffers                    : 1
#      BUFGP                       : 1
# IO Buffers                       : 66
#      IBUF                        : 34
#      OBUF                        : 32

Device utilization summary:
---------------------------

Selected Device : 7a100tcsg324-3 


Slice Logic Utilization: 
 Number of Slice Registers:              32  out of  126800     0%  
 Number of Slice LUTs:                   32  out of  63400     0%  
    Number used as Logic:                32  out of  63400     0%  

Slice Logic Distribution: 
 Number of LUT Flip Flop pairs used:     32
   Number with an unused Flip Flop:       0  out of     32     0%  
   Number with an unused LUT:             0  out of     32     0%  
   Number of fully used LUT-FF pairs:    32  out of     32   100%  
   Number of unique control sets:         1

IO Utilization: 
 Number of IOs:                          67
 Number of bonded IOBs:                  67  out of    210    31%  

Specific Feature Utilization:
 Number of BUFG/BUFGCTRLs:                1  out of     32     3%  

---------------------------
Partition Resource Summary:
---------------------------

  No Partitions were found in this design.

---------------------------


=========================================================================
Timing Report

NOTE: THESE TIMING NUMBERS ARE ONLY A SYNTHESIS ESTIMATE.
      FOR ACCURATE TIMING INFORMATION PLEASE REFER TO THE TRACE REPORT
      GENERATED AFTER PLACE-and-ROUTE.

Clock Information:
------------------
-----------------------------------+------------------------+-------+
Clock Signal                       | Clock buffer(FF name)  | Load  |
-----------------------------------+------------------------+-------+
clk                                | BUFGP                  | 32    |
-----------------------------------+------------------------+-------+

Asynchronous Control Signals Information:
----------------------------------------
No asynchronous control signals found in this design

Timing Summary:
---------------
Speed Grade: -3

   Minimum period: 2.178ns (Maximum Frequency: 459.031MHz)
   Minimum input arrival time before clock: 1.898ns
   Maximum output required time after clock: 0.645ns
   Maximum combinational path delay: No path found

Timing Details:
---------------
All values displayed in nanoseconds (ns)

=========================================================================
Timing constraint: Default period analysis for Clock 'clk'
  Clock period: 2.178ns (frequency: 459.031MHz)
  Total number of paths / destination ports: 1024 / 32
-------------------------------------------------------------------------
Delay:               2.178ns (Levels of Logic = 33)
  Source:            cnt_0 (FF)
  Destination:       cnt_31 (FF)
  Source Clock:      clk rising
  Destination Clock: clk rising

  Data Path: cnt_0 to cnt_31
                                Gate     Net
    Cell:in->out      fanout   Delay   Delay  Logical Name (Net Name)
    ----------------------------------------  ------------
     FDRE:C->Q             2   0.361   0.299  cnt_0 (cnt_0)
     LUT2:I1->O            1   0.097   0.000  Maccum_cnt_lut<0> (Maccum_cnt_lut<0>)
     MUXCY:S->O            1   0.353   0.000  Maccum_cnt_cy<0> (Maccum_cnt_cy<0>)
     MUXCY:CI->O           1   0.023   0.000  Maccum_cnt_cy<1> (Maccum_cnt_cy<1>)
     MUXCY:CI->O           1   0.023   0.000  Maccum_cnt_cy<2> (Maccum_cnt_cy<2>)
     MUXCY:CI->O           1   0.023   0.000  Maccum_cnt_cy<3> (Maccum_cnt_cy<3>)
     MUXCY:CI->O           1   0.023   0.000  Maccum_cnt_cy<4> (Maccum_cnt_cy<4>)
     MUXCY:CI->O           1   0.023   0.000  Maccum_cnt_cy<5> (Maccum_cnt_cy<5>)
     MUXCY:CI->O           1   0.023   0.000  Maccum_cnt_cy<6> (Maccum_cnt_cy<6>)
     MUXCY:CI->O           1   0.023   0.000  Maccum_cnt_cy<7> (Maccum_cnt_cy<7>)
     MUXCY:CI->O           1   0.023   0.000  Maccum_cnt_cy<8> (Maccum_cnt_cy<8>)
     MUXCY:CI->O           1   0.023   0.000  Maccum_cnt_cy<9> (Maccum_cnt_cy<9>)
     MUXCY:CI->O           1   0.023   0.000  Maccum_cnt_cy<10> (Maccum_cnt_cy<10>)
     MUXCY:CI->O           1   0.023   0.000  Maccum_cnt_cy<11> (Maccum_cnt_cy<11>)
     MUXCY:CI->O           1   0.023   0.000  Maccum_cnt_cy<12> (Maccum_cnt_cy<12>)
     MUXCY:CI->O           1   0.023   0.000  Maccum_cnt_cy<13> (Maccum_cnt_cy<13>)
     MUXCY:CI->O           1   0.023   0.000  Maccum_cnt_cy<14> (Maccum_cnt_cy<14>)
     MUXCY:CI->O           1   0.023   0.000  Maccum_cnt_cy<15> (Maccum_cnt_cy<15>)
     MUXCY:CI->O           1   0.023   0.000  Maccum_cnt_cy<16> (Maccum_cnt_cy<16>)
     MUXCY:CI->O           1   0.023   0.000  Maccum_cnt_cy<17> (Maccum_cnt_cy<17>)
     MUXCY:CI->O           1   0.023   0.000  Maccum_cnt_cy<18> (Maccum_cnt_cy<18>)
     MUXCY:CI->O           1   0.023   0.000  Maccum_cnt_cy<19> (Maccum_cnt_cy<19>)
     MUXCY:CI->O           1   0.023   0.000  Maccum_cnt_cy<20> (Maccum_cnt_cy<20>)
     MUXCY:CI->O           1   0.023   0.000  Maccum_cnt_cy<21> (Maccum_cnt_cy<21>)
     MUXCY:CI->O           1   0.023   0.000  Maccum_cnt_cy<22> (Maccum_cnt_cy<22>)
     MUXCY:CI->O           1   0.023   0.000  Maccum_cnt_cy<23> (Maccum_cnt_cy<23>)
     MUXCY:CI->O           1   0.023   0.000  Maccum_cnt_cy<24> (Maccum_cnt_cy<24>)
     MUXCY:CI->O           1   0.023   0.000  Maccum_cnt_cy<25> (Maccum_cnt_cy<25>)
     MUXCY:CI->O           1   0.023   0.000  Maccum_cnt_cy<26> (Maccum_cnt_cy<26>)
     MUXCY:CI->O           1   0.023   0.000  Maccum_cnt_cy<27> (Maccum_cnt_cy<27>)
     MUXCY:CI->O           1   0.023   0.000  Maccum_cnt_cy<28> (Maccum_cnt_cy<28>)
     MUXCY:CI->O           1   0.023   0.000  Maccum_cnt_cy<29> (Maccum_cnt_cy<29>)
     MUXCY:CI->O           0   0.023   0.000  Maccum_cnt_cy<30> (Maccum_cnt_cy<30>)
     XORCY:CI->O           1   0.370   0.000  Maccum_cnt_xor<31> (Result<31>)
     FDRE:D                    0.008          cnt_31
    ----------------------------------------
    Total                      2.178ns (1.879ns logic, 0.299ns route)
                                       (86.3% logic, 13.7% route)

=========================================================================
Timing constraint: Default OFFSET IN BEFORE for Clock 'clk'
  Total number of paths / destination ports: 592 / 96
-------------------------------------------------------------------------
Offset:              1.898ns (Levels of Logic = 34)
  Source:            b_in<0> (PAD)
  Destination:       cnt_31 (FF)
  Destination Clock: clk rising

  Data Path: b_in<0> to cnt_31
                                Gate     Net
    Cell:in->out      fanout   Delay   Delay  Logical Name (Net Name)
    ----------------------------------------  ------------
     IBUF:I->O             1   0.001   0.379  b_in_0_IBUF (b_in_0_IBUF)
     LUT2:I0->O            1   0.097   0.000  Maccum_cnt_lut<0> (Maccum_cnt_lut<0>)
     MUXCY:S->O            1   0.353   0.000  Maccum_cnt_cy<0> (Maccum_cnt_cy<0>)
     MUXCY:CI->O           1   0.023   0.000  Maccum_cnt_cy<1> (Maccum_cnt_cy<1>)
     MUXCY:CI->O           1   0.023   0.000  Maccum_cnt_cy<2> (Maccum_cnt_cy<2>)
     MUXCY:CI->O           1   0.023   0.000  Maccum_cnt_cy<3> (Maccum_cnt_cy<3>)
     MUXCY:CI->O           1   0.023   0.000  Maccum_cnt_cy<4> (Maccum_cnt_cy<4>)
     MUXCY:CI->O           1   0.023   0.000  Maccum_cnt_cy<5> (Maccum_cnt_cy<5>)
     MUXCY:CI->O           1   0.023   0.000  Maccum_cnt_cy<6> (Maccum_cnt_cy<6>)
     MUXCY:CI->O           1   0.023   0.000  Maccum_cnt_cy<7> (Maccum_cnt_cy<7>)
     MUXCY:CI->O           1   0.023   0.000  Maccum_cnt_cy<8> (Maccum_cnt_cy<8>)
     MUXCY:CI->O           1   0.023   0.000  Maccum_cnt_cy<9> (Maccum_cnt_cy<9>)
     MUXCY:CI->O           1   0.023   0.000  Maccum_cnt_cy<10> (Maccum_cnt_cy<10>)
     MUXCY:CI->O           1   0.023   0.000  Maccum_cnt_cy<11> (Maccum_cnt_cy<11>)
     MUXCY:CI->O           1   0.023   0.000  Maccum_cnt_cy<12> (Maccum_cnt_cy<12>)
     MUXCY:CI->O           1   0.023   0.000  Maccum_cnt_cy<13> (Maccum_cnt_cy<13>)
     MUXCY:CI->O           1   0.023   0.000  Maccum_cnt_cy<14> (Maccum_cnt_cy<14>)
     MUXCY:CI->O           1   0.023   0.000  Maccum_cnt_cy<15> (Maccum_cnt_cy<15>)
     MUXCY:CI->O           1   0.023   0.000  Maccum_cnt_cy<16> (Maccum_cnt_cy<16>)
     MUXCY:CI->O           1   0.023   0.000  Maccum_cnt_cy<17> (Maccum_cnt_cy<17>)
     MUXCY:CI->O           1   0.023   0.000  Maccum_cnt_cy<18> (Maccum_cnt_cy<18>)
     MUXCY:CI->O           1   0.023   0.000  Maccum_cnt_cy<19> (Maccum_cnt_cy<19>)
     MUXCY:CI->O           1   0.023   0.000  Maccum_cnt_cy<20> (Maccum_cnt_cy<20>)
     MUXCY:CI->O           1   0.023   0.000  Maccum_cnt_cy<21> (Maccum_cnt_cy<21>)
     MUXCY:CI->O           1   0.023   0.000  Maccum_cnt_cy<22> (Maccum_cnt_cy<22>)
     MUXCY:CI->O           1   0.023   0.000  Maccum_cnt_cy<23> (Maccum_cnt_cy<23>)
     MUXCY:CI->O           1   0.023   0.000  Maccum_cnt_cy<24> (Maccum_cnt_cy<24>)
     MUXCY:CI->O           1   0.023   0.000  Maccum_cnt_cy<25> (Maccum_cnt_cy<25>)
     MUXCY:CI->O           1   0.023   0.000  Maccum_cnt_cy<26> (Maccum_cnt_cy<26>)
     MUXCY:CI->O           1   0.023   0.000  Maccum_cnt_cy<27> (Maccum_cnt_cy<27>)
     MUXCY:CI->O           1   0.023   0.000  Maccum_cnt_cy<28> (Maccum_cnt_cy<28>)
     MUXCY:CI->O           1   0.023   0.000  Maccum_cnt_cy<29> (Maccum_cnt_cy<29>)
     MUXCY:CI->O           0   0.023   0.000  Maccum_cnt_cy<30> (Maccum_cnt_cy<30>)
     XORCY:CI->O           1   0.370   0.000  Maccum_cnt_xor<31> (Result<31>)
     FDRE:D                    0.008          cnt_31
    ----------------------------------------
    Total                      1.898ns (1.519ns logic, 0.379ns route)
                                       (80.0% logic, 20.0% route)

=========================================================================
Timing constraint: Default OFFSET OUT AFTER for Clock 'clk'
  Total number of paths / destination ports: 32 / 32
-------------------------------------------------------------------------
Offset:              0.645ns (Levels of Logic = 1)
  Source:            cnt_31 (FF)
  Destination:       b_out<31> (PAD)
  Source Clock:      clk rising

  Data Path: cnt_31 to b_out<31>
                                Gate     Net
    Cell:in->out      fanout   Delay   Delay  Logical Name (Net Name)
    ----------------------------------------  ------------
     FDRE:C->Q             2   0.361   0.283  cnt_31 (cnt_31)
     OBUF:I->O                 0.000          b_out_31_OBUF (b_out<31>)
    ----------------------------------------
    Total                      0.645ns (0.361ns logic, 0.283ns route)
                                       (56.0% logic, 44.0% route)

=========================================================================

Cross Clock Domains Report:
--------------------------

Clock to Setup on destination clock clk
---------------+---------+---------+---------+---------+
               | Src:Rise| Src:Fall| Src:Rise| Src:Fall|
Source Clock   |Dest:Rise|Dest:Rise|Dest:Fall|Dest:Fall|
---------------+---------+---------+---------+---------+
clk            |    2.178|         |         |         |
---------------+---------+---------+---------+---------+

=========================================================================


Total REAL time to Xst completion: 9.00 secs
Total CPU time to Xst completion: 9.41 secs
 
--> 

Total memory usage is 428240 kilobytes

Number of errors   :    0 (   0 filtered)
Number of warnings :    0 (   0 filtered)
Number of infos    :    0 (   0 filtered)

